app/build/intermediates/manifest_merge_blame_file/debug/processDebugMainManifest/manifest-merger-blame-debug-report.txt
1<?xml version="1.0" encoding="utf-8"?>
2<manifest xmlns:android="http://schemas.android.com/apk/res/android"
3    package="com.flipway.game"
4    android:versionCode="5"
5    android:versionName="2.3-Textures" >
6
7    <uses-sdk
8        android:minSdkVersion="24"
9        android:targetSdkVersion="34" />
10
11    <!-- только вибро-отдача при столкновении: сеть игре не нужна -->
12    <uses-permission android:name="android.permission.VIBRATE" />
12-->src\main\AndroidManifest.xml:5:5-66
12-->src\main\AndroidManifest.xml:5:22-63
13
14    <!-- 3D через OpenGL ES 2.0; без него игра сама переключится на 2D -->
15    <uses-feature
15-->src\main\AndroidManifest.xml:8:5-79
16        android:glEsVersion="0x00020000"
16-->src\main\AndroidManifest.xml:8:19-51
17        android:required="false" />
17-->src\main\AndroidManifest.xml:8:52-76
18
19    <application
19-->src\main\AndroidManifest.xml:10:5-26:19
20        android:allowBackup="true"
20-->src\main\AndroidManifest.xml:11:9-35
21        android:debuggable="true"
22        android:extractNativeLibs="false"
23        android:icon="@drawable/ic_launcher"
23-->src\main\AndroidManifest.xml:12:9-45
24        android:label="@string/app_name"
24-->src\main\AndroidManifest.xml:13:9-41
25        android:theme="@style/Theme.Flipway" >
25-->src\main\AndroidManifest.xml:14:9-45
26        <activity
26-->src\main\AndroidManifest.xml:16:9-25:20
27            android:name="com.flipway.game.MainActivity"
27-->src\main\AndroidManifest.xml:17:13-41
28            android:configChanges="orientation|screenSize|screenLayout|keyboardHidden"
28-->src\main\AndroidManifest.xml:19:13-87
29            android:exported="true"
29-->src\main\AndroidManifest.xml:18:13-36
30            android:screenOrientation="portrait" >
30-->src\main\AndroidManifest.xml:20:13-49
31            <intent-filter>
31-->src\main\AndroidManifest.xml:21:13-24:29
32                <action android:name="android.intent.action.MAIN" />
32-->src\main\AndroidManifest.xml:22:17-69
32-->src\main\AndroidManifest.xml:22:25-66
33
34                <category android:name="android.intent.category.LAUNCHER" />
34-->src\main\AndroidManifest.xml:23:17-77
34-->src\main\AndroidManifest.xml:23:27-74
35            </intent-filter>
36        </activity>
37    </application>
38
39</manifest>